<?xml version="1.0" encoding="UTF-8"?>
<!-- Generated by org.testng.reporters.JUnitReportReporter -->
<testsuite hostname="VDC1ITWB200419" failures="0" tests="1" name="lambdatest.practice.FirstLambdaTest" time="6.869" errors="0" timestamp="2023-04-14T14:51:34 IST" skipped="0">
  <testcase classname="lambdatest.practice.FirstLambdaTest" name="myTest" time="6.869"/>
  <system-out/>
</testsuite> <!-- lambdatest.practice.FirstLambdaTest -->
