<?xml version="1.0" encoding="UTF-8"?>
<!-- Generated by org.testng.reporters.JUnitReportReporter -->
<testsuite hostname="VDC1ITWB200419" failures="0" tests="1" name="lambdatest.practice.TestScenario2_Edge" time="7.942" errors="0" timestamp="2023-04-14T15:08:12 IST" skipped="0">
  <testcase classname="lambdatest.practice.TestScenario2_Edge" name="myTest" time="7.942"/>
  <system-out/>
</testsuite> <!-- lambdatest.practice.TestScenario2_Edge -->
